[    1010ms] [VERBOSE] [DOM] Input elements should have autocomplete attributes (suggested: "current-password"): (More info: https://goo.gl/9p2vKq) %o @ http://localhost:3000/register:0
[    3099ms] [INFO] %cDownload the React DevTools for a better development experience: https://react.dev/link/react-devtools font-weight:bold @ http://localhost:3000/node_modules/.vite/deps/react-dom_client.js?v=25c9760d:14335
[   29881ms] [WARNING] Select is changing from uncontrolled to controlled. Components should not switch from controlled to uncontrolled (or vice versa). Decide between using a controlled or uncontrolled value for the lifetime of the component. @ http://localhost:3000/src/routes/__root.tsx:194
[   38536ms] [WARNING] Select is changing from uncontrolled to controlled. Components should not switch from controlled to uncontrolled (or vice versa). Decide between using a controlled or uncontrolled value for the lifetime of the component. @ http://localhost:3000/src/routes/__root.tsx:194
[   43724ms] Error: [
  {
    "origin": "string",
    "code": "invalid_format",
    "format": "email",
    "pattern": "/^(?!\\.)(?!.*\\.\\.)([A-Za-z0-9_'+\\-\\.]*)[A-Za-z0-9_+-]@([A-Za-z0-9][A-Za-z0-9\\-]*\\.)+[A-Za-z]{2,}$/",
    "path": [
      "email"
    ],
    "message": "Invalid email address"
  }
]
    at Object.deserialize (http://localhost:3000/node_modules/@tanstack/router-core/dist/esm/ssr/serializer/ShallowErrorPlugin.js?v=25c9760d:27:10)
    at deserializePlugin (http://localhost:3000/node_modules/seroval/dist/esm/development/index.mjs?v=25c9760d:2216:18)
    at deserialize (http://localhost:3000/node_modules/seroval/dist/esm/development/index.mjs?v=25c9760d:2372:14)
    at assignProperty (http://localhost:3000/node_modules/seroval/dist/esm/development/index.mjs?v=25c9760d:2047:7)
    at deserializeProperties (http://localhost:3000/node_modules/seroval/dist/esm/development/index.mjs?v=25c9760d:2078:7)
    at deserializeObject (http://localhost:3000/node_modules/seroval/dist/esm/development/index.mjs?v=25c9760d:2089:3)
    at deserialize (http://localhost:3000/node_modules/seroval/dist/esm/development/index.mjs?v=25c9760d:2345:14)
    at deserializeTop (http://localhost:3000/node_modules/seroval/dist/esm/development/index.mjs?v=25c9760d:2404:12)
    at fromCrossJSON (http://localhost:3000/node_modules/seroval/dist/esm/development/index.mjs?v=25c9760d:3985:10)
    at getResponse (http://localhost:3000/node_modules/@tanstack/start-client-core/dist/esm/client-rpc/serverFnFetcher.js?v=25c9760d:168:14)
